2024-12-09T00:01:44.213-06:00  INFO 22684 --- [main] com.expensetracker.ExpenseTrackerApp     : Starting ExpenseTrackerApp using Java 17.0.10 with PID 22684 (C:\Users\tommy\Projects\ExpenseTracker\target\classes started by tommy in C:\Users\tommy\Projects\ExpenseTracker)
2024-12-09T00:01:44.220-06:00  INFO 22684 --- [main] com.expensetracker.ExpenseTrackerApp     : No active profile set, falling back to 1 default profile: "default"
2024-12-09T00:01:45.045-06:00  INFO 22684 --- [main] .s.d.r.c.RepositoryConfigurationDelegate : Bootstrapping Spring Data JPA repositories in DEFAULT mode.
2024-12-09T00:01:45.123-06:00  INFO 22684 --- [main] .s.d.r.c.RepositoryConfigurationDelegate : Finished Spring Data repository scanning in 68 ms. Found 5 JPA repository interfaces.
2024-12-09T00:01:45.860-06:00  INFO 22684 --- [main] o.s.b.w.embedded.tomcat.TomcatWebServer  : Tomcat initialized with port(s): 8080 (http)
2024-12-09T00:01:45.875-06:00  INFO 22684 --- [main] o.apache.catalina.core.StandardService   : Starting service [Tomcat]
2024-12-09T00:01:45.875-06:00  INFO 22684 --- [main] o.apache.catalina.core.StandardEngine    : Starting Servlet engine: [Apache Tomcat/10.1.13]
2024-12-09T00:01:46.118-06:00  INFO 22684 --- [main] o.a.c.c.C.[Tomcat].[localhost].[/]       : Initializing Spring embedded WebApplicationContext
2024-12-09T00:01:46.119-06:00  INFO 22684 --- [main] w.s.c.ServletWebServerApplicationContext : Root WebApplicationContext: initialization completed in 1840 ms
2024-12-09T00:01:46.402-06:00  INFO 22684 --- [main] o.hibernate.jpa.internal.util.LogHelper  : HHH000204: Processing PersistenceUnitInfo [name: default]
2024-12-09T00:01:46.505-06:00  INFO 22684 --- [main] org.hibernate.Version                    : HHH000412: Hibernate ORM core version 6.2.9.Final
2024-12-09T00:01:46.508-06:00  INFO 22684 --- [main] org.hibernate.cfg.Environment            : HHH000406: Using bytecode reflection optimizer
2024-12-09T00:01:46.702-06:00  INFO 22684 --- [main] o.h.b.i.BytecodeProviderInitiator        : HHH000021: Bytecode provider name : bytebuddy
2024-12-09T00:01:46.902-06:00  INFO 22684 --- [main] o.s.o.j.p.SpringPersistenceUnitInfo      : No LoadTimeWeaver setup: ignoring JPA class transformer
2024-12-09T00:01:46.920-06:00  INFO 22684 --- [main] com.zaxxer.hikari.HikariDataSource       : HikariPool-1 - Starting...
2024-12-09T00:01:47.194-06:00  INFO 22684 --- [main] com.zaxxer.hikari.pool.HikariPool        : HikariPool-1 - Added connection org.postgresql.jdbc.PgConnection@4ef5dd23
2024-12-09T00:01:47.196-06:00  INFO 22684 --- [main] com.zaxxer.hikari.HikariDataSource       : HikariPool-1 - Start completed.
2024-12-09T00:01:47.563-06:00  INFO 22684 --- [main] o.h.b.i.BytecodeProviderInitiator        : HHH000021: Bytecode provider name : bytebuddy
2024-12-09T00:01:48.434-06:00  INFO 22684 --- [main] o.h.e.t.j.p.i.JtaPlatformInitiator       : HHH000490: Using JtaPlatform implementation: [org.hibernate.engine.transaction.jta.platform.internal.NoJtaPlatform]
2024-12-09T00:01:48.597-06:00  INFO 22684 --- [main] j.LocalContainerEntityManagerFactoryBean : Initialized JPA EntityManagerFactory for persistence unit 'default'
2024-12-09T00:01:50.238-06:00  WARN 22684 --- [main] JpaBaseConfiguration$JpaWebConfiguration : spring.jpa.open-in-view is enabled by default. Therefore, database queries may be performed during view rendering. Explicitly configure spring.jpa.open-in-view to disable this warning
2024-12-09T00:01:50.726-06:00  INFO 22684 --- [main] o.s.s.web.DefaultSecurityFilterChain     : Will secure any request with [org.springframework.security.web.session.DisableEncodeUrlFilter@1695f7cb, org.springframework.security.web.context.request.async.WebAsyncManagerIntegrationFilter@3095c449, org.springframework.security.web.context.SecurityContextHolderFilter@175377d3, org.springframework.security.web.header.HeaderWriterFilter@3d41449a, org.springframework.security.web.authentication.logout.LogoutFilter@53ccbc15, org.springframework.security.oauth2.client.web.OAuth2AuthorizationRequestRedirectFilter@5581e273, org.springframework.security.oauth2.client.web.OAuth2LoginAuthenticationFilter@475c2f47, org.springframework.security.web.authentication.ui.DefaultLoginPageGeneratingFilter@5eaa6f76, org.springframework.security.web.authentication.ui.DefaultLogoutPageGeneratingFilter@236bb278, org.springframework.security.web.savedrequest.RequestCacheAwareFilter@1926806c, org.springframework.security.web.servletapi.SecurityContextHolderAwareRequestFilter@44a972b4, org.springframework.security.web.authentication.AnonymousAuthenticationFilter@7200702, org.springframework.security.web.session.SessionManagementFilter@4d37c996, org.springframework.security.web.access.ExceptionTranslationFilter@7e113065, org.springframework.security.web.access.intercept.FilterSecurityInterceptor@276e5add]
2024-12-09T00:01:51.023-06:00  INFO 22684 --- [main] o.s.b.w.embedded.tomcat.TomcatWebServer  : Tomcat started on port(s): 8080 (http) with context path ''
2024-12-09T00:01:51.031-06:00  INFO 22684 --- [main] com.expensetracker.ExpenseTrackerApp     : Started ExpenseTrackerApp in 7.285 seconds (process running for 21.375)
2024-12-09T00:33:49.596-06:00  INFO 21452 --- [main] com.expensetracker.ExpenseTrackerApp     : Starting ExpenseTrackerApp using Java 17.0.10 with PID 21452 (C:\Users\tommy\Projects\ExpenseTracker\target\classes started by tommy in C:\Users\tommy\Projects\ExpenseTracker)
2024-12-09T00:33:49.598-06:00  INFO 21452 --- [main] com.expensetracker.ExpenseTrackerApp     : No active profile set, falling back to 1 default profile: "default"
2024-12-09T00:33:50.526-06:00  INFO 21452 --- [main] .s.d.r.c.RepositoryConfigurationDelegate : Bootstrapping Spring Data JPA repositories in DEFAULT mode.
2024-12-09T00:33:50.620-06:00  INFO 21452 --- [main] .s.d.r.c.RepositoryConfigurationDelegate : Finished Spring Data repository scanning in 79 ms. Found 5 JPA repository interfaces.
2024-12-09T00:33:51.441-06:00  INFO 21452 --- [main] o.s.b.w.embedded.tomcat.TomcatWebServer  : Tomcat initialized with port(s): 8080 (http)
2024-12-09T00:33:51.455-06:00  INFO 21452 --- [main] o.apache.catalina.core.StandardService   : Starting service [Tomcat]
2024-12-09T00:33:51.455-06:00  INFO 21452 --- [main] o.apache.catalina.core.StandardEngine    : Starting Servlet engine: [Apache Tomcat/10.1.13]
2024-12-09T00:33:51.582-06:00  INFO 21452 --- [main] o.a.c.c.C.[Tomcat].[localhost].[/]       : Initializing Spring embedded WebApplicationContext
2024-12-09T00:33:51.583-06:00  INFO 21452 --- [main] w.s.c.ServletWebServerApplicationContext : Root WebApplicationContext: initialization completed in 1924 ms
2024-12-09T00:33:51.824-06:00  INFO 21452 --- [main] o.hibernate.jpa.internal.util.LogHelper  : HHH000204: Processing PersistenceUnitInfo [name: default]
2024-12-09T00:33:51.933-06:00  INFO 21452 --- [main] org.hibernate.Version                    : HHH000412: Hibernate ORM core version 6.2.9.Final
2024-12-09T00:33:51.939-06:00  INFO 21452 --- [main] org.hibernate.cfg.Environment            : HHH000406: Using bytecode reflection optimizer
2024-12-09T00:33:52.168-06:00  INFO 21452 --- [main] o.h.b.i.BytecodeProviderInitiator        : HHH000021: Bytecode provider name : bytebuddy
2024-12-09T00:33:52.311-06:00  INFO 21452 --- [main] o.s.o.j.p.SpringPersistenceUnitInfo      : No LoadTimeWeaver setup: ignoring JPA class transformer
2024-12-09T00:33:52.326-06:00  INFO 21452 --- [main] com.zaxxer.hikari.HikariDataSource       : HikariPool-1 - Starting...
2024-12-09T00:33:52.707-06:00  INFO 21452 --- [main] com.zaxxer.hikari.pool.HikariPool        : HikariPool-1 - Added connection org.postgresql.jdbc.PgConnection@77663cd7
2024-12-09T00:33:52.708-06:00  INFO 21452 --- [main] com.zaxxer.hikari.HikariDataSource       : HikariPool-1 - Start completed.
2024-12-09T00:33:53.164-06:00  INFO 21452 --- [main] o.h.b.i.BytecodeProviderInitiator        : HHH000021: Bytecode provider name : bytebuddy
2024-12-09T00:33:53.941-06:00  INFO 21452 --- [main] o.h.e.t.j.p.i.JtaPlatformInitiator       : HHH000490: Using JtaPlatform implementation: [org.hibernate.engine.transaction.jta.platform.internal.NoJtaPlatform]
2024-12-09T00:33:54.086-06:00  INFO 21452 --- [main] j.LocalContainerEntityManagerFactoryBean : Initialized JPA EntityManagerFactory for persistence unit 'default'
2024-12-09T00:33:55.573-06:00  WARN 21452 --- [main] JpaBaseConfiguration$JpaWebConfiguration : spring.jpa.open-in-view is enabled by default. Therefore, database queries may be performed during view rendering. Explicitly configure spring.jpa.open-in-view to disable this warning
2024-12-09T00:33:56.062-06:00  INFO 21452 --- [main] o.s.s.web.DefaultSecurityFilterChain     : Will secure any request with [org.springframework.security.web.session.DisableEncodeUrlFilter@3c592c0c, org.springframework.security.web.context.request.async.WebAsyncManagerIntegrationFilter@3979c6e8, org.springframework.security.web.context.SecurityContextHolderFilter@39aaa7db, org.springframework.security.web.header.HeaderWriterFilter@79bb14d8, org.springframework.security.web.authentication.logout.LogoutFilter@35129b9e, org.springframework.security.oauth2.client.web.OAuth2AuthorizationRequestRedirectFilter@6adc90e9, org.springframework.security.oauth2.client.web.OAuth2LoginAuthenticationFilter@26247027, org.springframework.security.web.authentication.ui.DefaultLoginPageGeneratingFilter@4cd13fad, org.springframework.security.web.authentication.ui.DefaultLogoutPageGeneratingFilter@6fb3d3bb, org.springframework.security.web.savedrequest.RequestCacheAwareFilter@1738d3b2, org.springframework.security.web.servletapi.SecurityContextHolderAwareRequestFilter@539953af, org.springframework.security.web.authentication.AnonymousAuthenticationFilter@38a3c078, org.springframework.security.web.session.SessionManagementFilter@4353230, org.springframework.security.web.access.ExceptionTranslationFilter@3fb920d9, org.springframework.security.web.access.intercept.FilterSecurityInterceptor@59e9ba7]
2024-12-09T00:33:56.330-06:00  INFO 21452 --- [main] o.s.b.w.embedded.tomcat.TomcatWebServer  : Tomcat started on port(s): 8080 (http) with context path ''
2024-12-09T00:33:56.340-06:00  INFO 21452 --- [main] com.expensetracker.ExpenseTrackerApp     : Started ExpenseTrackerApp in 7.228 seconds (process running for 20.626)
2024-12-09T00:41:29.984-06:00  INFO 21452 --- [SpringApplicationShutdownHook] j.LocalContainerEntityManagerFactoryBean : Closing JPA EntityManagerFactory for persistence unit 'default'
2024-12-09T00:41:29.987-06:00  INFO 21452 --- [SpringApplicationShutdownHook] com.zaxxer.hikari.HikariDataSource       : HikariPool-1 - Shutdown initiated...
2024-12-09T00:41:29.992-06:00  INFO 21452 --- [SpringApplicationShutdownHook] com.zaxxer.hikari.HikariDataSource       : HikariPool-1 - Shutdown completed.
2024-12-09T00:41:34.029-06:00  INFO 7556 --- [main] com.expensetracker.ExpenseTrackerApp     : Starting ExpenseTrackerApp using Java 17.0.10 with PID 7556 (C:\Users\tommy\Projects\ExpenseTracker\target\classes started by tommy in C:\Users\tommy\Projects\ExpenseTracker)
2024-12-09T00:41:34.033-06:00  INFO 7556 --- [main] com.expensetracker.ExpenseTrackerApp     : No active profile set, falling back to 1 default profile: "default"
2024-12-09T00:41:34.911-06:00  INFO 7556 --- [main] .s.d.r.c.RepositoryConfigurationDelegate : Bootstrapping Spring Data JPA repositories in DEFAULT mode.
2024-12-09T00:41:34.999-06:00  INFO 7556 --- [main] .s.d.r.c.RepositoryConfigurationDelegate : Finished Spring Data repository scanning in 76 ms. Found 5 JPA repository interfaces.
2024-12-09T00:41:35.714-06:00  INFO 7556 --- [main] o.s.b.w.embedded.tomcat.TomcatWebServer  : Tomcat initialized with port(s): 8080 (http)
2024-12-09T00:41:35.730-06:00  INFO 7556 --- [main] o.apache.catalina.core.StandardService   : Starting service [Tomcat]
2024-12-09T00:41:35.732-06:00  INFO 7556 --- [main] o.apache.catalina.core.StandardEngine    : Starting Servlet engine: [Apache Tomcat/10.1.13]
2024-12-09T00:41:35.913-06:00  INFO 7556 --- [main] o.a.c.c.C.[Tomcat].[localhost].[/]       : Initializing Spring embedded WebApplicationContext
2024-12-09T00:41:35.913-06:00  INFO 7556 --- [main] w.s.c.ServletWebServerApplicationContext : Root WebApplicationContext: initialization completed in 1811 ms
2024-12-09T00:41:36.136-06:00  INFO 7556 --- [main] o.hibernate.jpa.internal.util.LogHelper  : HHH000204: Processing PersistenceUnitInfo [name: default]
2024-12-09T00:41:36.218-06:00  INFO 7556 --- [main] org.hibernate.Version                    : HHH000412: Hibernate ORM core version 6.2.9.Final
2024-12-09T00:41:36.222-06:00  INFO 7556 --- [main] org.hibernate.cfg.Environment            : HHH000406: Using bytecode reflection optimizer
2024-12-09T00:41:36.453-06:00  INFO 7556 --- [main] o.h.b.i.BytecodeProviderInitiator        : HHH000021: Bytecode provider name : bytebuddy
2024-12-09T00:41:36.614-06:00  INFO 7556 --- [main] o.s.o.j.p.SpringPersistenceUnitInfo      : No LoadTimeWeaver setup: ignoring JPA class transformer
2024-12-09T00:41:36.631-06:00  INFO 7556 --- [main] com.zaxxer.hikari.HikariDataSource       : HikariPool-1 - Starting...
2024-12-09T00:41:36.824-06:00  INFO 7556 --- [main] com.zaxxer.hikari.pool.HikariPool        : HikariPool-1 - Added connection org.postgresql.jdbc.PgConnection@45d389f2
2024-12-09T00:41:36.828-06:00  INFO 7556 --- [main] com.zaxxer.hikari.HikariDataSource       : HikariPool-1 - Start completed.
2024-12-09T00:41:37.227-06:00  INFO 7556 --- [main] o.h.b.i.BytecodeProviderInitiator        : HHH000021: Bytecode provider name : bytebuddy
2024-12-09T00:41:38.012-06:00  INFO 7556 --- [main] o.h.e.t.j.p.i.JtaPlatformInitiator       : HHH000490: Using JtaPlatform implementation: [org.hibernate.engine.transaction.jta.platform.internal.NoJtaPlatform]
2024-12-09T00:41:38.120-06:00  INFO 7556 --- [main] j.LocalContainerEntityManagerFactoryBean : Initialized JPA EntityManagerFactory for persistence unit 'default'
2024-12-09T00:41:40.447-06:00  WARN 7556 --- [main] JpaBaseConfiguration$JpaWebConfiguration : spring.jpa.open-in-view is enabled by default. Therefore, database queries may be performed during view rendering. Explicitly configure spring.jpa.open-in-view to disable this warning
2024-12-09T00:41:41.317-06:00  INFO 7556 --- [main] o.s.s.web.DefaultSecurityFilterChain     : Will secure any request with [org.springframework.security.web.session.DisableEncodeUrlFilter@6971c6b7, org.springframework.security.web.context.request.async.WebAsyncManagerIntegrationFilter@402d45c6, org.springframework.security.web.context.SecurityContextHolderFilter@355da59c, org.springframework.security.web.header.HeaderWriterFilter@5f59b6c5, org.springframework.security.web.authentication.logout.LogoutFilter@b8e6981, org.springframework.security.oauth2.client.web.OAuth2AuthorizationRequestRedirectFilter@3bd7829b, org.springframework.security.oauth2.client.web.OAuth2LoginAuthenticationFilter@4faccb34, org.springframework.security.web.authentication.ui.DefaultLoginPageGeneratingFilter@27de9336, org.springframework.security.web.authentication.ui.DefaultLogoutPageGeneratingFilter@4b37b01e, org.springframework.security.web.savedrequest.RequestCacheAwareFilter@58545c2e, org.springframework.security.web.servletapi.SecurityContextHolderAwareRequestFilter@4163f505, org.springframework.security.web.authentication.AnonymousAuthenticationFilter@f53db1a, org.springframework.security.web.session.SessionManagementFilter@1872a7fe, org.springframework.security.web.access.ExceptionTranslationFilter@359b4846, org.springframework.security.web.access.intercept.FilterSecurityInterceptor@34e700f4]
2024-12-09T00:41:41.684-06:00  INFO 7556 --- [main] o.s.b.w.embedded.tomcat.TomcatWebServer  : Tomcat started on port(s): 8080 (http) with context path ''
2024-12-09T00:41:41.699-06:00  INFO 7556 --- [main] com.expensetracker.ExpenseTrackerApp     : Started ExpenseTrackerApp in 8.142 seconds (process running for 9.081)
2024-12-09T00:43:07.326-06:00  INFO 7556 --- [SpringApplicationShutdownHook] j.LocalContainerEntityManagerFactoryBean : Closing JPA EntityManagerFactory for persistence unit 'default'
2024-12-09T00:43:07.329-06:00  INFO 7556 --- [SpringApplicationShutdownHook] com.zaxxer.hikari.HikariDataSource       : HikariPool-1 - Shutdown initiated...
2024-12-09T00:43:07.333-06:00  INFO 7556 --- [SpringApplicationShutdownHook] com.zaxxer.hikari.HikariDataSource       : HikariPool-1 - Shutdown completed.
2024-12-09T00:46:26.062-06:00  INFO 16200 --- [main] com.expensetracker.ExpenseTrackerApp     : Starting ExpenseTrackerApp using Java 17.0.10 with PID 16200 (C:\Users\tommy\Projects\ExpenseTracker\target\classes started by tommy in C:\Users\tommy\Projects\ExpenseTracker)
2024-12-09T00:46:26.064-06:00  INFO 16200 --- [main] com.expensetracker.ExpenseTrackerApp     : No active profile set, falling back to 1 default profile: "default"
2024-12-09T00:46:26.792-06:00  INFO 16200 --- [main] .s.d.r.c.RepositoryConfigurationDelegate : Bootstrapping Spring Data JPA repositories in DEFAULT mode.
2024-12-09T00:46:26.865-06:00  INFO 16200 --- [main] .s.d.r.c.RepositoryConfigurationDelegate : Finished Spring Data repository scanning in 64 ms. Found 5 JPA repository interfaces.
2024-12-09T00:46:27.522-06:00  INFO 16200 --- [main] o.s.b.w.embedded.tomcat.TomcatWebServer  : Tomcat initialized with port(s): 8080 (http)
2024-12-09T00:46:27.541-06:00  INFO 16200 --- [main] o.apache.catalina.core.StandardService   : Starting service [Tomcat]
2024-12-09T00:46:27.541-06:00  INFO 16200 --- [main] o.apache.catalina.core.StandardEngine    : Starting Servlet engine: [Apache Tomcat/10.1.13]
2024-12-09T00:46:27.673-06:00  INFO 16200 --- [main] o.a.c.c.C.[Tomcat].[localhost].[/]       : Initializing Spring embedded WebApplicationContext
2024-12-09T00:46:27.674-06:00  INFO 16200 --- [main] w.s.c.ServletWebServerApplicationContext : Root WebApplicationContext: initialization completed in 1556 ms
2024-12-09T00:46:27.893-06:00  INFO 16200 --- [main] o.hibernate.jpa.internal.util.LogHelper  : HHH000204: Processing PersistenceUnitInfo [name: default]
2024-12-09T00:46:27.979-06:00  INFO 16200 --- [main] org.hibernate.Version                    : HHH000412: Hibernate ORM core version 6.2.9.Final
2024-12-09T00:46:27.984-06:00  INFO 16200 --- [main] org.hibernate.cfg.Environment            : HHH000406: Using bytecode reflection optimizer
2024-12-09T00:46:28.166-06:00  INFO 16200 --- [main] o.h.b.i.BytecodeProviderInitiator        : HHH000021: Bytecode provider name : bytebuddy
2024-12-09T00:46:28.284-06:00  INFO 16200 --- [main] o.s.o.j.p.SpringPersistenceUnitInfo      : No LoadTimeWeaver setup: ignoring JPA class transformer
2024-12-09T00:46:28.298-06:00  INFO 16200 --- [main] com.zaxxer.hikari.HikariDataSource       : HikariPool-1 - Starting...
2024-12-09T00:46:28.559-06:00  INFO 16200 --- [main] com.zaxxer.hikari.pool.HikariPool        : HikariPool-1 - Added connection org.postgresql.jdbc.PgConnection@635ff2a5
2024-12-09T00:46:28.561-06:00  INFO 16200 --- [main] com.zaxxer.hikari.HikariDataSource       : HikariPool-1 - Start completed.
2024-12-09T00:46:28.905-06:00  INFO 16200 --- [main] o.h.b.i.BytecodeProviderInitiator        : HHH000021: Bytecode provider name : bytebuddy
2024-12-09T00:46:29.649-06:00  INFO 16200 --- [main] o.h.e.t.j.p.i.JtaPlatformInitiator       : HHH000490: Using JtaPlatform implementation: [org.hibernate.engine.transaction.jta.platform.internal.NoJtaPlatform]
2024-12-09T00:46:29.752-06:00  INFO 16200 --- [main] j.LocalContainerEntityManagerFactoryBean : Initialized JPA EntityManagerFactory for persistence unit 'default'
2024-12-09T00:46:31.077-06:00  WARN 16200 --- [main] JpaBaseConfiguration$JpaWebConfiguration : spring.jpa.open-in-view is enabled by default. Therefore, database queries may be performed during view rendering. Explicitly configure spring.jpa.open-in-view to disable this warning
2024-12-09T00:46:31.529-06:00  INFO 16200 --- [main] o.s.s.web.DefaultSecurityFilterChain     : Will secure any request with [org.springframework.security.web.session.DisableEncodeUrlFilter@5d414943, org.springframework.security.web.context.request.async.WebAsyncManagerIntegrationFilter@5481001f, org.springframework.security.web.context.SecurityContextHolderFilter@678c0310, org.springframework.security.web.header.HeaderWriterFilter@14a3a66c, org.springframework.security.web.authentication.logout.LogoutFilter@59cbeaee, org.springframework.security.oauth2.client.web.OAuth2AuthorizationRequestRedirectFilter@4d6fa22c, org.springframework.security.oauth2.client.web.OAuth2LoginAuthenticationFilter@3a5663ef, org.springframework.security.web.authentication.ui.DefaultLoginPageGeneratingFilter@175377d3, org.springframework.security.web.authentication.ui.DefaultLogoutPageGeneratingFilter@5581e273, org.springframework.security.web.savedrequest.RequestCacheAwareFilter@4cd13fad, org.springframework.security.web.servletapi.SecurityContextHolderAwareRequestFilter@3d41449a, org.springframework.security.web.authentication.AnonymousAuthenticationFilter@475c2f47, org.springframework.security.web.session.SessionManagementFilter@539953af, org.springframework.security.web.access.ExceptionTranslationFilter@289d9f0d, org.springframework.security.web.access.intercept.FilterSecurityInterceptor@55e75ce0]
2024-12-09T00:46:31.777-06:00  INFO 16200 --- [main] o.s.b.w.embedded.tomcat.TomcatWebServer  : Tomcat started on port(s): 8080 (http) with context path ''
2024-12-09T00:46:31.784-06:00  INFO 16200 --- [main] com.expensetracker.ExpenseTrackerApp     : Started ExpenseTrackerApp in 6.098 seconds (process running for 20.078)
2024-12-09T01:00:20.169-06:00  INFO 16200 --- [SpringApplicationShutdownHook] j.LocalContainerEntityManagerFactoryBean : Closing JPA EntityManagerFactory for persistence unit 'default'
2024-12-09T01:00:20.172-06:00  INFO 16200 --- [SpringApplicationShutdownHook] com.zaxxer.hikari.HikariDataSource       : HikariPool-1 - Shutdown initiated...
2024-12-09T01:00:20.178-06:00  INFO 16200 --- [SpringApplicationShutdownHook] com.zaxxer.hikari.HikariDataSource       : HikariPool-1 - Shutdown completed.
2024-12-09T01:00:24.068-06:00  INFO 11356 --- [main] com.expensetracker.ExpenseTrackerApp     : Starting ExpenseTrackerApp using Java 17.0.10 with PID 11356 (C:\Users\tommy\Projects\ExpenseTracker\target\classes started by tommy in C:\Users\tommy\Projects\ExpenseTracker)
2024-12-09T01:00:24.071-06:00  INFO 11356 --- [main] com.expensetracker.ExpenseTrackerApp     : No active profile set, falling back to 1 default profile: "default"
2024-12-09T01:00:24.908-06:00  INFO 11356 --- [main] .s.d.r.c.RepositoryConfigurationDelegate : Bootstrapping Spring Data JPA repositories in DEFAULT mode.
2024-12-09T01:00:24.982-06:00  INFO 11356 --- [main] .s.d.r.c.RepositoryConfigurationDelegate : Finished Spring Data repository scanning in 65 ms. Found 5 JPA repository interfaces.
2024-12-09T01:00:25.759-06:00  INFO 11356 --- [main] o.s.b.w.embedded.tomcat.TomcatWebServer  : Tomcat initialized with port(s): 8080 (http)
2024-12-09T01:00:25.769-06:00  INFO 11356 --- [main] o.apache.catalina.core.StandardService   : Starting service [Tomcat]
2024-12-09T01:00:25.770-06:00  INFO 11356 --- [main] o.apache.catalina.core.StandardEngine    : Starting Servlet engine: [Apache Tomcat/10.1.13]
2024-12-09T01:00:25.901-06:00  INFO 11356 --- [main] o.a.c.c.C.[Tomcat].[localhost].[/]       : Initializing Spring embedded WebApplicationContext
2024-12-09T01:00:25.902-06:00  INFO 11356 --- [main] w.s.c.ServletWebServerApplicationContext : Root WebApplicationContext: initialization completed in 1760 ms
2024-12-09T01:00:26.113-06:00  INFO 11356 --- [main] o.hibernate.jpa.internal.util.LogHelper  : HHH000204: Processing PersistenceUnitInfo [name: default]
2024-12-09T01:00:26.245-06:00  INFO 11356 --- [main] org.hibernate.Version                    : HHH000412: Hibernate ORM core version 6.2.9.Final
2024-12-09T01:00:26.249-06:00  INFO 11356 --- [main] org.hibernate.cfg.Environment            : HHH000406: Using bytecode reflection optimizer
2024-12-09T01:00:26.402-06:00  INFO 11356 --- [main] o.h.b.i.BytecodeProviderInitiator        : HHH000021: Bytecode provider name : bytebuddy
2024-12-09T01:00:26.524-06:00  INFO 11356 --- [main] o.s.o.j.p.SpringPersistenceUnitInfo      : No LoadTimeWeaver setup: ignoring JPA class transformer
2024-12-09T01:00:26.538-06:00  INFO 11356 --- [main] com.zaxxer.hikari.HikariDataSource       : HikariPool-1 - Starting...
2024-12-09T01:00:26.752-06:00  INFO 11356 --- [main] com.zaxxer.hikari.pool.HikariPool        : HikariPool-1 - Added connection org.postgresql.jdbc.PgConnection@6a5dd083
2024-12-09T01:00:26.754-06:00  INFO 11356 --- [main] com.zaxxer.hikari.HikariDataSource       : HikariPool-1 - Start completed.
2024-12-09T01:00:27.098-06:00  INFO 11356 --- [main] o.h.b.i.BytecodeProviderInitiator        : HHH000021: Bytecode provider name : bytebuddy
2024-12-09T01:00:27.808-06:00  INFO 11356 --- [main] o.h.e.t.j.p.i.JtaPlatformInitiator       : HHH000490: Using JtaPlatform implementation: [org.hibernate.engine.transaction.jta.platform.internal.NoJtaPlatform]
2024-12-09T01:00:27.917-06:00  INFO 11356 --- [main] j.LocalContainerEntityManagerFactoryBean : Initialized JPA EntityManagerFactory for persistence unit 'default'
2024-12-09T01:00:29.331-06:00  WARN 11356 --- [main] JpaBaseConfiguration$JpaWebConfiguration : spring.jpa.open-in-view is enabled by default. Therefore, database queries may be performed during view rendering. Explicitly configure spring.jpa.open-in-view to disable this warning
2024-12-09T01:00:29.939-06:00  INFO 11356 --- [main] o.s.s.web.DefaultSecurityFilterChain     : Will secure any request with [org.springframework.security.web.session.DisableEncodeUrlFilter@6fb3d3bb, org.springframework.security.web.context.request.async.WebAsyncManagerIntegrationFilter@38a3c078, org.springframework.security.web.context.SecurityContextHolderFilter@1738d3b2, org.springframework.security.web.header.HeaderWriterFilter@4353230, org.springframework.security.web.authentication.logout.LogoutFilter@2297c8bf, org.springframework.security.oauth2.client.web.OAuth2AuthorizationRequestRedirectFilter@aeb8ee2, org.springframework.security.oauth2.client.web.OAuth2LoginAuthenticationFilter@320ca97c, org.springframework.security.web.authentication.ui.DefaultLoginPageGeneratingFilter@3a5244a1, org.springframework.security.web.authentication.ui.DefaultLogoutPageGeneratingFilter@4d6fa22c, org.springframework.security.web.savedrequest.RequestCacheAwareFilter@3fe1b278, org.springframework.security.web.servletapi.SecurityContextHolderAwareRequestFilter@3678f32e, org.springframework.security.web.authentication.AnonymousAuthenticationFilter@3a5663ef, org.springframework.security.web.session.SessionManagementFilter@289d9f0d, org.springframework.security.web.access.ExceptionTranslationFilter@79bb14d8, org.springframework.security.web.access.intercept.FilterSecurityInterceptor@455591ad]
2024-12-09T01:00:30.177-06:00  INFO 11356 --- [main] o.s.b.w.embedded.tomcat.TomcatWebServer  : Tomcat started on port(s): 8080 (http) with context path ''
2024-12-09T01:00:30.186-06:00  INFO 11356 --- [main] com.expensetracker.ExpenseTrackerApp     : Started ExpenseTrackerApp in 6.521 seconds (process running for 6.93)
2024-12-09T01:04:12.430-06:00  INFO 11356 --- [SpringApplicationShutdownHook] j.LocalContainerEntityManagerFactoryBean : Closing JPA EntityManagerFactory for persistence unit 'default'
2024-12-09T01:04:12.434-06:00  INFO 11356 --- [SpringApplicationShutdownHook] com.zaxxer.hikari.HikariDataSource       : HikariPool-1 - Shutdown initiated...
2024-12-09T01:04:12.438-06:00  INFO 11356 --- [SpringApplicationShutdownHook] com.zaxxer.hikari.HikariDataSource       : HikariPool-1 - Shutdown completed.
2024-12-09T01:04:15.616-06:00  INFO 20196 --- [main] com.expensetracker.ExpenseTrackerApp     : Starting ExpenseTrackerApp using Java 17.0.10 with PID 20196 (C:\Users\tommy\Projects\ExpenseTracker\target\classes started by tommy in C:\Users\tommy\Projects\ExpenseTracker)
2024-12-09T01:04:15.618-06:00  INFO 20196 --- [main] com.expensetracker.ExpenseTrackerApp     : No active profile set, falling back to 1 default profile: "default"
2024-12-09T01:04:16.356-06:00  INFO 20196 --- [main] .s.d.r.c.RepositoryConfigurationDelegate : Bootstrapping Spring Data JPA repositories in DEFAULT mode.
2024-12-09T01:04:16.430-06:00  INFO 20196 --- [main] .s.d.r.c.RepositoryConfigurationDelegate : Finished Spring Data repository scanning in 66 ms. Found 5 JPA repository interfaces.
2024-12-09T01:04:17.064-06:00  INFO 20196 --- [main] o.s.b.w.embedded.tomcat.TomcatWebServer  : Tomcat initialized with port(s): 8080 (http)
2024-12-09T01:04:17.074-06:00  INFO 20196 --- [main] o.apache.catalina.core.StandardService   : Starting service [Tomcat]
2024-12-09T01:04:17.074-06:00  INFO 20196 --- [main] o.apache.catalina.core.StandardEngine    : Starting Servlet engine: [Apache Tomcat/10.1.13]
2024-12-09T01:04:17.204-06:00  INFO 20196 --- [main] o.a.c.c.C.[Tomcat].[localhost].[/]       : Initializing Spring embedded WebApplicationContext
2024-12-09T01:04:17.204-06:00  INFO 20196 --- [main] w.s.c.ServletWebServerApplicationContext : Root WebApplicationContext: initialization completed in 1532 ms
2024-12-09T01:04:17.403-06:00  INFO 20196 --- [main] o.hibernate.jpa.internal.util.LogHelper  : HHH000204: Processing PersistenceUnitInfo [name: default]
2024-12-09T01:04:17.474-06:00  INFO 20196 --- [main] org.hibernate.Version                    : HHH000412: Hibernate ORM core version 6.2.9.Final
2024-12-09T01:04:17.478-06:00  INFO 20196 --- [main] org.hibernate.cfg.Environment            : HHH000406: Using bytecode reflection optimizer
2024-12-09T01:04:17.653-06:00  INFO 20196 --- [main] o.h.b.i.BytecodeProviderInitiator        : HHH000021: Bytecode provider name : bytebuddy
2024-12-09T01:04:17.766-06:00  INFO 20196 --- [main] o.s.o.j.p.SpringPersistenceUnitInfo      : No LoadTimeWeaver setup: ignoring JPA class transformer
2024-12-09T01:04:17.779-06:00  INFO 20196 --- [main] com.zaxxer.hikari.HikariDataSource       : HikariPool-1 - Starting...
2024-12-09T01:04:17.967-06:00  INFO 20196 --- [main] com.zaxxer.hikari.pool.HikariPool        : HikariPool-1 - Added connection org.postgresql.jdbc.PgConnection@55adcf9e
2024-12-09T01:04:17.969-06:00  INFO 20196 --- [main] com.zaxxer.hikari.HikariDataSource       : HikariPool-1 - Start completed.
2024-12-09T01:04:18.324-06:00  INFO 20196 --- [main] o.h.b.i.BytecodeProviderInitiator        : HHH000021: Bytecode provider name : bytebuddy
2024-12-09T01:04:19.045-06:00  INFO 20196 --- [main] o.h.e.t.j.p.i.JtaPlatformInitiator       : HHH000490: Using JtaPlatform implementation: [org.hibernate.engine.transaction.jta.platform.internal.NoJtaPlatform]
2024-12-09T01:04:19.156-06:00  INFO 20196 --- [main] j.LocalContainerEntityManagerFactoryBean : Initialized JPA EntityManagerFactory for persistence unit 'default'
2024-12-09T01:04:20.459-06:00  WARN 20196 --- [main] JpaBaseConfiguration$JpaWebConfiguration : spring.jpa.open-in-view is enabled by default. Therefore, database queries may be performed during view rendering. Explicitly configure spring.jpa.open-in-view to disable this warning
2024-12-09T01:04:21.165-06:00  INFO 20196 --- [main] o.s.s.web.DefaultSecurityFilterChain     : Will secure any request with [org.springframework.security.web.session.DisableEncodeUrlFilter@5581e273, org.springframework.security.web.context.request.async.WebAsyncManagerIntegrationFilter@475c2f47, org.springframework.security.web.context.SecurityContextHolderFilter@3a5244a1, org.springframework.security.web.header.HeaderWriterFilter@3678f32e, org.springframework.security.web.authentication.logout.LogoutFilter@6eb6750f, org.springframework.security.oauth2.client.web.OAuth2AuthorizationRequestRedirectFilter@4b094115, org.springframework.security.oauth2.client.web.OAuth2LoginAuthenticationFilter@6d0fe80c, org.springframework.security.web.authentication.ui.DefaultLoginPageGeneratingFilter@4848681d, org.springframework.security.web.authentication.ui.DefaultLogoutPageGeneratingFilter@10806dbe, org.springframework.security.web.savedrequest.RequestCacheAwareFilter@85eabca, org.springframework.security.web.servletapi.SecurityContextHolderAwareRequestFilter@3f8c4bcf, org.springframework.security.web.authentication.AnonymousAuthenticationFilter@4c5d1649, org.springframework.security.web.session.SessionManagementFilter@7e113065, org.springframework.security.web.access.ExceptionTranslationFilter@539953af, org.springframework.security.web.access.intercept.FilterSecurityInterceptor@35e63d26]
2024-12-09T01:04:21.408-06:00  INFO 20196 --- [main] o.s.b.w.embedded.tomcat.TomcatWebServer  : Tomcat started on port(s): 8080 (http) with context path ''
2024-12-09T01:04:21.417-06:00  INFO 20196 --- [main] com.expensetracker.ExpenseTrackerApp     : Started ExpenseTrackerApp in 6.219 seconds (process running for 6.625)
